<?xml version="1.0" encoding="UTF-8"?>
<!-- Generated by org.testng.reporters.JUnitReportReporter -->
<testsuite hostname="shaheryar-PC" name="fbtestcase.fbLogin" tests="1" failures="0" timestamp="19 Sep 2016 17:42:37 GMT" time="7.067" errors="0">
  <testcase name="openfb" time="7.067" classname="fbtestcase.fbLogin"/>
</testsuite> <!-- fbtestcase.fbLogin -->
